<?xml version="1.0" encoding="UTF-8"?>
<testng-results ignored="0" total="8" passed="8" failed="0" skipped="0">
  <reporter-output>
  </reporter-output>
  <suite started-at="2023-11-06T23:53:54 IST" name="AutomationAnywhereTests" finished-at="2023-11-06T23:55:17 IST" duration-ms="83230">
    <groups>
    </groups>
    <test started-at="2023-11-06T23:53:54 IST" name="Program1Test" finished-at="2023-11-06T23:54:07 IST" duration-ms="12536">
      <class name="testng.Program1">
        <test-method signature="setup()[pri:1, instance:testng.Program1@34b7ac2f]" started-at="2023-11-06T23:53:54 IST" name="setup" finished-at="2023-11-06T23:54:06 IST" duration-ms="11756" status="PASS">
          <reporter-output>
          </reporter-output>
        </test-method> <!-- setup -->
        <test-method signature="verifyLogo()[pri:2, instance:testng.Program1@34b7ac2f]" started-at="2023-11-06T23:54:06 IST" name="verifyLogo" finished-at="2023-11-06T23:54:06 IST" duration-ms="124" status="PASS">
          <reporter-output>
          </reporter-output>
        </test-method> <!-- verifyLogo -->
        <test-method signature="verifyRequestDemoButton()[pri:3, instance:testng.Program1@34b7ac2f]" started-at="2023-11-06T23:54:06 IST" name="verifyRequestDemoButton" finished-at="2023-11-06T23:54:06 IST" duration-ms="89" status="PASS">
          <reporter-output>
          </reporter-output>
        </test-method> <!-- verifyRequestDemoButton -->
        <test-method signature="tearDown()[pri:4, instance:testng.Program1@34b7ac2f]" started-at="2023-11-06T23:54:06 IST" name="tearDown" finished-at="2023-11-06T23:54:07 IST" duration-ms="477" status="PASS">
          <reporter-output>
          </reporter-output>
        </test-method> <!-- tearDown -->
      </class> <!-- testng.Program1 -->
    </test> <!-- Program1Test -->
    <test started-at="2023-11-06T23:54:07 IST" name="Program2Test" finished-at="2023-11-06T23:55:17 IST" duration-ms="70585">
      <class name="testng.Program2">
        <test-method signature="setup()[pri:1, instance:testng.Program2@795cd85e]" started-at="2023-11-06T23:54:07 IST" name="setup" finished-at="2023-11-06T23:54:16 IST" duration-ms="9105" status="PASS">
          <reporter-output>
          </reporter-output>
        </test-method> <!-- setup -->
        <test-method signature="handleCookiePopup()[pri:2, instance:testng.Program2@795cd85e]" started-at="2023-11-06T23:54:16 IST" name="handleCookiePopup" finished-at="2023-11-06T23:54:16 IST" duration-ms="417" status="PASS">
          <reporter-output>
          </reporter-output>
        </test-method> <!-- handleCookiePopup -->
        <test-method signature="verifyLinksAndNavigation()[pri:3, instance:testng.Program2@795cd85e]" started-at="2023-11-06T23:54:16 IST" name="verifyLinksAndNavigation" finished-at="2023-11-06T23:55:17 IST" duration-ms="60371" status="PASS">
          <reporter-output>
          </reporter-output>
        </test-method> <!-- verifyLinksAndNavigation -->
        <test-method signature="tearDown()[pri:4, instance:testng.Program2@795cd85e]" started-at="2023-11-06T23:55:17 IST" name="tearDown" finished-at="2023-11-06T23:55:17 IST" duration-ms="656" status="PASS">
          <reporter-output>
          </reporter-output>
        </test-method> <!-- tearDown -->
      </class> <!-- testng.Program2 -->
    </test> <!-- Program2Test -->
  </suite> <!-- AutomationAnywhereTests -->
</testng-results>
