<?xml version="1.0" encoding="UTF-8"?>
<!-- Generated by org.testng.reporters.JUnitXMLReporter -->
<testsuite ignored="0" hostname="Itz-Aravind-PC" failures="0" tests="4" name="Program1Test" time="12.536" errors="0" timestamp="2023-11-06T23:54:07 IST">
  <testcase classname="testng.Program1" name="setup" time="11.756"/>
  <testcase classname="testng.Program1" name="verifyLogo" time="0.124"/>
  <testcase classname="testng.Program1" name="verifyRequestDemoButton" time="0.089"/>
  <testcase classname="testng.Program1" name="tearDown" time="0.477"/>
</testsuite> <!-- Program1Test -->
