<?xml version="1.0" encoding="UTF-8"?>
<!-- Generated by org.testng.reporters.JUnitXMLReporter -->
<testsuite ignored="0" hostname="Itz-Aravind-PC" failures="0" tests="4" name="Program2Test" time="70.585" errors="0" timestamp="2023-11-06T23:55:17 IST">
  <testcase classname="testng.Program2" name="setup" time="9.105"/>
  <testcase classname="testng.Program2" name="handleCookiePopup" time="0.417"/>
  <testcase classname="testng.Program2" name="verifyLinksAndNavigation" time="60.371"/>
  <testcase classname="testng.Program2" name="tearDown" time="0.656"/>
</testsuite> <!-- Program2Test -->
