<?xml version="1.0" encoding="UTF-8"?>
<!-- Generated by org.testng.reporters.JUnitXMLReporter -->
<testsuite ignored="0" hostname="Itz-Aravind-PC" failures="0" tests="4" name="Default test" time="135.02" errors="0" timestamp="2023-11-06T23:46:06 IST">
  <testcase classname="testng.Program2" name="setup" time="15.695"/>
  <testcase classname="testng.Program2" name="handleCookiePopup" time="0.43"/>
  <testcase classname="testng.Program2" name="verifyLinksAndNavigation" time="117.168"/>
  <testcase classname="testng.Program2" name="tearDown" time="1.479"/>
</testsuite> <!-- Default test -->
